[debug] [2023-06-26T03:58:18.553Z] ----------------------------------------------------------------------
[debug] [2023-06-26T03:58:18.557Z] Command:       C:\Program Files\nodejs\node.exe C:\Users\iesl43\AppData\Roaming\npm\node_modules\firebase-tools\lib\bin\firebase.js init
[debug] [2023-06-26T03:58:18.557Z] CLI Version:   12.2.1
[debug] [2023-06-26T03:58:18.558Z] Platform:      win32
[debug] [2023-06-26T03:58:18.558Z] Node Version:  v16.18.0
[debug] [2023-06-26T03:58:18.560Z] Time:          Mon Jun 26 2023 09:28:18 GMT+0530 (India Standard Time)
[debug] [2023-06-26T03:58:18.560Z] ----------------------------------------------------------------------
[debug] 
[debug] [2023-06-26T03:58:18.723Z] > command requires scopes: ["email","openid","https://www.googleapis.com/auth/cloudplatformprojects.readonly","https://www.googleapis.com/auth/firebase","https://www.googleapis.com/auth/cloud-platform"]
[debug] [2023-06-26T03:58:18.724Z] > authorizing via signed-in user (ars8881530945@gmail.com)
[info] 
     ######## #### ########  ######## ########     ###     ######  ########
     ##        ##  ##     ## ##       ##     ##  ##   ##  ##       ##
     ######    ##  ########  ######   ########  #########  ######  ######
     ##        ##  ##    ##  ##       ##     ## ##     ##       ## ##
     ##       #### ##     ## ######## ########  ##     ##  ######  ########

You're about to initialize a Firebase project in this directory:

  C:\Users\iesl43\Desktop\nextapp

Before we get started, keep in mind:

  * You are initializing within an existing Firebase project directory

[info] 
=== Project Setup
[info] 
[info] First, let's associate this project directory with a Firebase project.
[info] You can create multiple project aliases by running firebase use --add, 
[info] but for now we'll just set up a default project.
[info] 
[debug] [2023-06-26T03:58:47.359Z] Using project from CLI flag: blogapplication-21a85
[debug] [2023-06-26T03:58:47.363Z] >>> [apiv2][query] GET https://firebase.googleapis.com/v1beta1/projects/blogapplication-21a85 [none]
[debug] [2023-06-26T03:58:47.923Z] <<< [apiv2][status] GET https://firebase.googleapis.com/v1beta1/projects/blogapplication-21a85 200
[debug] [2023-06-26T03:58:47.923Z] <<< [apiv2][body] GET https://firebase.googleapis.com/v1beta1/projects/blogapplication-21a85 {"projectId":"blogapplication-21a85","projectNumber":"941851293070","displayName":"blogApplication","name":"projects/blogapplication-21a85","resources":{"hostingSite":"blogapplication-21a85"},"state":"ACTIVE","etag":"1_2d375ff0-fbff-479f-9151-c8da1aa190f1"}
[info] i  Using project blogapplication-21a85 (blogApplication) 
[info] 
=== Hosting Setup
